========================================================================= 
Log Path: /tmp/log/Airmeas_20241205.log 
Program Path: /home/ubuntu/git/airmeas/OLA5.opg.2.R 
Working Directory: /home/ubuntu 
User Name: ubuntu 
R Version: 4.3.3 (2024-02-29) 
Machine: ip-172-31-47-213 x86_64 
Operating System: Linux 6.8.0-1016-aws #17-Ubuntu SMP Mon Sep 2 13:48:07 UTC 2024 
Base Packages: stats graphics grDevices utils datasets methods base 
Other Packages: logr_1.3.8 common_1.1.3 lubridate_1.9.3 dplyr_1.1.4 RMariaDB_1.3.3 httr_1.4.7 xml2_1.3.6 rvest_1.0.4 
Log Start Time: 2024-12-05 12:00:03.044313 
========================================================================= 

2024-12-05 12:00:03.045348 Nu køre script 

NOTE: Log Print Time:  2024-12-05 12:00:03.045773 
NOTE: Elapsed Time: 0.000607490539550781 secs 

2024-12-05 12:00:03.046424 Begynde med webscrape HCAB 

NOTE: Log Print Time:  2024-12-05 12:00:03.046742 
NOTE: Elapsed Time: 0.000969409942626953 secs 

2024-12-05 12:00:04.940152 Succesfuldt webscrape HCAB 

NOTE: Log Print Time:  2024-12-05 12:00:04.94063 
NOTE: Elapsed Time: 1.893887758255 secs 

2024-12-05 12:00:04.940926 Begynde med webscrape Anholt 

NOTE: Log Print Time:  2024-12-05 12:00:04.941231 
NOTE: Elapsed Time: 0.000601291656494141 secs 

2024-12-05 12:00:06.994278 Succesfuldt webscrape Anholt 

NOTE: Log Print Time:  2024-12-05 12:00:06.994843 
NOTE: Elapsed Time: 2.05361151695251 secs 

2024-12-05 12:00:06.995139 Begynde med webscrape Aarhus 

NOTE: Log Print Time:  2024-12-05 12:00:06.995452 
NOTE: Elapsed Time: 0.000608921051025391 secs 

2024-12-05 12:00:08.584231 Succesfuldt webscrape Aarhus 

NOTE: Log Print Time:  2024-12-05 12:00:08.584723 
NOTE: Elapsed Time: 1.58927178382874 secs 

2024-12-05 12:00:08.585034 Begynde med webscrape Risoe 

NOTE: Log Print Time:  2024-12-05 12:00:08.585335 
NOTE: Elapsed Time: 0.000612020492553711 secs 

2024-12-05 12:00:10.262349 Succesfuldt webscrape Risoe 

NOTE: Log Print Time:  2024-12-05 12:00:10.262844 
NOTE: Elapsed Time: 1.67750883102417 secs 

2024-12-05 12:00:10.32579 Hente databaser fra SQL 

NOTE: Log Print Time:  2024-12-05 12:00:10.326285 
NOTE: Elapsed Time: 0.0634403228759766 secs 

2024-12-05 12:00:10.406332 Filtere nyeste dataer 

NOTE: Log Print Time:  2024-12-05 12:00:10.406843 
NOTE: Elapsed Time: 0.0805585384368896 secs 

2024-12-05 12:00:10.41535 Tilføje filtered dataer til SQL databser 

NOTE: Log Print Time:  2024-12-05 12:00:10.415858 
NOTE: Elapsed Time: 0.00901484489440918 secs 

========================================================================= 
Log End Time: 2024-12-05 12:00:10.579246 
Log Elapsed Time: 0 00:00:07 
========================================================================= 
