========================================================================= 
Log Path: /tmp/log/Airmeas.log 
Program Path: /home/ubuntu/git/airmeas/OLA5.opg.2.R 
Working Directory: /home/ubuntu 
User Name: ubuntu 
R Version: 4.3.3 (2024-02-29) 
Machine: ip-172-31-47-213 x86_64 
Operating System: Linux 6.8.0-1016-aws #17-Ubuntu SMP Mon Sep 2 13:48:07 UTC 2024 
Base Packages: stats graphics grDevices utils datasets methods base 
Other Packages: logr_1.3.8 common_1.1.3 lubridate_1.9.3 dplyr_1.1.4 RMariaDB_1.3.3 httr_1.4.7 xml2_1.3.6 rvest_1.0.4 
Log Start Time: 2024-12-05 09:00:03.185311 
========================================================================= 

2024-12-05 09:00:03.186403 Nu køre script 

NOTE: Log Print Time:  2024-12-05 09:00:03.186836 
NOTE: Elapsed Time: 0.00070643424987793 secs 

2024-12-05 09:00:03.187501 Begynde med webscrape HCAB 

NOTE: Log Print Time:  2024-12-05 09:00:03.18781 
NOTE: Elapsed Time: 0.000974178314208984 secs 

2024-12-05 09:00:05.181259 Succesfuldt webscrape HCAB 

NOTE: Log Print Time:  2024-12-05 09:00:05.181747 
NOTE: Elapsed Time: 1.99393677711487 secs 

2024-12-05 09:00:05.182024 Begynde med webscrape Anholt 

NOTE: Log Print Time:  2024-12-05 09:00:05.18231 
NOTE: Elapsed Time: 0.000562906265258789 secs 

2024-12-05 09:00:06.16695 Succesfuldt webscrape Anholt 

NOTE: Log Print Time:  2024-12-05 09:00:06.167418 
NOTE: Elapsed Time: 0.985108137130737 secs 

2024-12-05 09:00:06.167724 Begynde med webscrape Aarhus 

NOTE: Log Print Time:  2024-12-05 09:00:06.168017 
NOTE: Elapsed Time: 0.000598669052124023 secs 

2024-12-05 09:00:07.306222 Succesfuldt webscrape Aarhus 

NOTE: Log Print Time:  2024-12-05 09:00:07.307112 
NOTE: Elapsed Time: 1.13909459114075 secs 

2024-12-05 09:00:07.30778 Begynde med webscrape Risoe 

NOTE: Log Print Time:  2024-12-05 09:00:07.30836 
NOTE: Elapsed Time: 0.00124812126159668 secs 

2024-12-05 09:00:08.814219 Succesfuldt webscrape Risoe 

NOTE: Log Print Time:  2024-12-05 09:00:08.814704 
NOTE: Elapsed Time: 1.50634455680847 secs 

2024-12-05 09:00:08.880133 Hente databaser fra SQL 

NOTE: Log Print Time:  2024-12-05 09:00:08.880653 
NOTE: Elapsed Time: 0.0659487247467041 secs 

2024-12-05 09:00:08.975632 Filtere nyeste dataer 

NOTE: Log Print Time:  2024-12-05 09:00:08.976125 
NOTE: Elapsed Time: 0.0954723358154297 secs 

2024-12-05 09:00:08.983721 Tilføje filtered dataer til SQL databser 

NOTE: Log Print Time:  2024-12-05 09:00:08.98418 
NOTE: Elapsed Time: 0.00805449485778809 secs 

========================================================================= 
Log End Time: 2024-12-05 09:00:09.048975 
Log Elapsed Time: 0 00:00:05 
========================================================================= 
